DEBUG: 2021-11-27 05:48:12,069: utils: (0.001) SELECT "watchlist_app_watchlist"."id", "watchlist_app_watchlist"."title", "watchlist_app_watchlist"."storyline", "watchlist_app_watchlist"."platform_id", "watchlist_app_watchlist"."avg_rating", "watchlist_app_watchlist"."number_rating", "watchlist_app_watchlist"."active", "watchlist_app_watchlist"."created" FROM "watchlist_app_watchlist"; args=()
DEBUG: 2021-11-27 05:48:12,075: utils: (0.000) SELECT "watchlist_app_streamplatform"."id", "watchlist_app_streamplatform"."name", "watchlist_app_streamplatform"."about", "watchlist_app_streamplatform"."website" FROM "watchlist_app_streamplatform" WHERE "watchlist_app_streamplatform"."id" = 7 LIMIT 21; args=(7,)
DEBUG: 2021-11-27 05:48:12,078: utils: (0.000) SELECT "watchlist_app_streamplatform"."id", "watchlist_app_streamplatform"."name", "watchlist_app_streamplatform"."about", "watchlist_app_streamplatform"."website" FROM "watchlist_app_streamplatform" WHERE "watchlist_app_streamplatform"."id" = 5 LIMIT 21; args=(5,)
DEBUG: 2021-11-27 05:48:12,080: utils: (0.000) SELECT "watchlist_app_streamplatform"."id", "watchlist_app_streamplatform"."name", "watchlist_app_streamplatform"."about", "watchlist_app_streamplatform"."website" FROM "watchlist_app_streamplatform" WHERE "watchlist_app_streamplatform"."id" = 6 LIMIT 21; args=(6,)
DEBUG: 2021-11-27 05:48:12,083: utils: (0.000) SELECT "watchlist_app_streamplatform"."id", "watchlist_app_streamplatform"."name", "watchlist_app_streamplatform"."about", "watchlist_app_streamplatform"."website" FROM "watchlist_app_streamplatform" WHERE "watchlist_app_streamplatform"."id" = 5 LIMIT 21; args=(5,)
DEBUG: 2021-11-27 05:48:12,085: utils: (0.000) SELECT "watchlist_app_streamplatform"."id", "watchlist_app_streamplatform"."name", "watchlist_app_streamplatform"."about", "watchlist_app_streamplatform"."website" FROM "watchlist_app_streamplatform" WHERE "watchlist_app_streamplatform"."id" = 9 LIMIT 21; args=(9,)
DEBUG: 2021-11-27 05:48:12,086: utils: (0.000) SELECT "watchlist_app_streamplatform"."id", "watchlist_app_streamplatform"."name", "watchlist_app_streamplatform"."about", "watchlist_app_streamplatform"."website" FROM "watchlist_app_streamplatform" WHERE "watchlist_app_streamplatform"."id" = 9 LIMIT 21; args=(9,)
DEBUG: 2021-11-27 05:48:12,088: utils: (0.000) SELECT "watchlist_app_streamplatform"."id", "watchlist_app_streamplatform"."name", "watchlist_app_streamplatform"."about", "watchlist_app_streamplatform"."website" FROM "watchlist_app_streamplatform" WHERE "watchlist_app_streamplatform"."id" = 10 LIMIT 21; args=(10,)
DEBUG: 2021-11-27 05:48:12,090: utils: (0.000) SELECT "watchlist_app_streamplatform"."id", "watchlist_app_streamplatform"."name", "watchlist_app_streamplatform"."about", "watchlist_app_streamplatform"."website" FROM "watchlist_app_streamplatform" WHERE "watchlist_app_streamplatform"."id" = 8 LIMIT 21; args=(8,)
DEBUG: 2021-11-27 05:48:12,092: utils: (0.000) SELECT "watchlist_app_streamplatform"."id", "watchlist_app_streamplatform"."name", "watchlist_app_streamplatform"."about", "watchlist_app_streamplatform"."website" FROM "watchlist_app_streamplatform" WHERE "watchlist_app_streamplatform"."id" = 8 LIMIT 21; args=(8,)
DEBUG: 2021-11-27 05:48:12,094: utils: (0.000) SELECT "watchlist_app_streamplatform"."id", "watchlist_app_streamplatform"."name", "watchlist_app_streamplatform"."about", "watchlist_app_streamplatform"."website" FROM "watchlist_app_streamplatform" WHERE "watchlist_app_streamplatform"."id" = 8 LIMIT 21; args=(8,)
DEBUG: 2021-11-27 05:48:12,095: utils: (0.000) SELECT "watchlist_app_streamplatform"."id", "watchlist_app_streamplatform"."name", "watchlist_app_streamplatform"."about", "watchlist_app_streamplatform"."website" FROM "watchlist_app_streamplatform" WHERE "watchlist_app_streamplatform"."id" = 5 LIMIT 21; args=(5,)
DEBUG: 2021-11-27 05:48:12,098: utils: (0.000) SELECT "watchlist_app_streamplatform"."id", "watchlist_app_streamplatform"."name", "watchlist_app_streamplatform"."about", "watchlist_app_streamplatform"."website" FROM "watchlist_app_streamplatform" WHERE "watchlist_app_streamplatform"."id" = 5 LIMIT 21; args=(5,)
DEBUG: 2021-11-27 05:48:12,100: utils: (0.000) SELECT "watchlist_app_streamplatform"."id", "watchlist_app_streamplatform"."name", "watchlist_app_streamplatform"."about", "watchlist_app_streamplatform"."website" FROM "watchlist_app_streamplatform" WHERE "watchlist_app_streamplatform"."id" = 8 LIMIT 21; args=(8,)
DEBUG: 2021-11-27 05:48:12,101: utils: (0.000) SELECT "watchlist_app_streamplatform"."id", "watchlist_app_streamplatform"."name", "watchlist_app_streamplatform"."about", "watchlist_app_streamplatform"."website" FROM "watchlist_app_streamplatform" WHERE "watchlist_app_streamplatform"."id" = 8 LIMIT 21; args=(8,)
INFO: 2021-11-27 05:48:12,155: basehttp: "GET /watch/list/ HTTP/1.1" 200 12220
DEBUG: 2021-11-27 05:48:12,462: autoreload: File /home/raj/Desktop/drf-projects/venv/lib/python3.8/site-packages/django/contrib/sessions/serializers.py first seen with mtime 1636700641.8657963
DEBUG: 2021-11-27 05:48:12,462: autoreload: File /home/raj/Desktop/drf-projects/venv/lib/python3.8/site-packages/django/contrib/auth/context_processors.py first seen with mtime 1636700641.269792
DEBUG: 2021-11-27 05:48:12,463: autoreload: File /home/raj/Desktop/drf-projects/venv/lib/python3.8/site-packages/django/contrib/staticfiles/storage.py first seen with mtime 1636700642.241799
DEBUG: 2021-11-27 05:48:12,464: autoreload: File /home/raj/Desktop/drf-projects/venv/lib/python3.8/site-packages/django/contrib/messages/storage/cookie.py first seen with mtime 1636700641.7257953
DEBUG: 2021-11-27 05:48:12,465: autoreload: File /home/raj/Desktop/drf-projects/venv/lib/python3.8/site-packages/django/contrib/messages/storage/fallback.py first seen with mtime 1636700641.7257953
DEBUG: 2021-11-27 05:48:12,466: autoreload: File /home/raj/Desktop/drf-projects/venv/lib/python3.8/site-packages/django/conf/locale/en/formats.py first seen with mtime 1636700640.7537882
DEBUG: 2021-11-27 05:48:12,466: autoreload: File /home/raj/Desktop/drf-projects/venv/lib/python3.8/site-packages/django/contrib/messages/storage/session.py first seen with mtime 1636700641.7257953
DEBUG: 2021-11-27 05:48:12,469: autoreload: File /home/raj/Desktop/drf-projects/venv/lib/python3.8/site-packages/django/contrib/messages/storage/base.py first seen with mtime 1636700641.7257953
DEBUG: 2021-11-27 05:48:12,469: autoreload: File /home/raj/Desktop/drf-projects/venv/lib/python3.8/site-packages/django/contrib/messages/context_processors.py first seen with mtime 1636700641.7257953
DEBUG: 2021-11-27 05:48:12,471: autoreload: File /home/raj/Desktop/drf-projects/venv/lib/python3.8/site-packages/django/contrib/messages/utils.py first seen with mtime 1636700641.7257953
DEBUG: 2021-11-27 05:48:12,471: autoreload: File /home/raj/Desktop/drf-projects/venv/lib/python3.8/site-packages/django/template/context_processors.py first seen with mtime 1636700642.3377998
DEBUG: 2021-11-27 05:48:12,471: autoreload: File /home/raj/Desktop/drf-projects/venv/lib/python3.8/site-packages/django/conf/locale/en/__init__.py first seen with mtime 1636700640.7537882
